16:28:07 [JavaFX Application Thread] DEBUG Main - Game is Initializing
16:28:07 [JavaFX Application Thread] DEBUG Main - Finished Initialization
16:28:19 [JavaFX Application Thread] INFO  Main - Congratulations you won!
16:28:19 [JavaFX Application Thread] INFO  Main - Final Score is 71.42857142857143
16:28:20 [JavaFX Application Thread] DEBUG Main - Resetting Game...
16:28:20 [JavaFX Application Thread] DEBUG Main - Game is Initializing
16:28:21 [JavaFX Application Thread] DEBUG Main - Finished Initialization
16:28:28 [JavaFX Application Thread] INFO  Main - Congratulations you won!
16:28:28 [JavaFX Application Thread] INFO  Main - Final Score is 104.16666666666666
16:29:04 [JavaFX Application Thread] DEBUG Main - Game is Initializing
16:29:04 [JavaFX Application Thread] DEBUG Main - Finished Initialization
16:29:12 [JavaFX Application Thread] INFO  Main - Congratulations you won!
16:29:12 [JavaFX Application Thread] INFO  Main - Final Score is 83.33333333333333
16:29:14 [JavaFX Application Thread] DEBUG Main - Resetting Game...
16:29:14 [JavaFX Application Thread] DEBUG Main - Game is Initializing
16:29:14 [JavaFX Application Thread] DEBUG Main - Finished Initialization
16:29:19 [JavaFX Application Thread] INFO  Main - Congratulations you won!
16:29:19 [JavaFX Application Thread] INFO  Main - Final Score is 113.63636363636364
16:29:20 [JavaFX Application Thread] DEBUG Main - Resetting Game...
16:29:20 [JavaFX Application Thread] DEBUG Main - Game is Initializing
16:29:20 [JavaFX Application Thread] DEBUG Main - Finished Initialization
16:30:21 [JavaFX Application Thread] DEBUG Main - Game is Initializing
16:30:21 [JavaFX Application Thread] DEBUG Main - Finished Initialization
16:30:21 [JavaFX Application Thread] DEBUG Main - Piece has moved to 1,0
16:30:21 [JavaFX Application Thread] DEBUG Main - Piece has moved to 1,0
16:30:22 [JavaFX Application Thread] DEBUG Main - Piece has moved to 2,0
16:30:22 [JavaFX Application Thread] DEBUG Main - Piece has moved to 2,1
16:30:22 [JavaFX Application Thread] DEBUG Main - Piece has moved to 2,1
16:30:22 [JavaFX Application Thread] DEBUG Main - Piece has moved to 2,1
16:30:22 [JavaFX Application Thread] DEBUG Main - Piece has moved to 2,1
16:30:22 [JavaFX Application Thread] DEBUG Main - Piece has moved to 2,1
16:30:22 [JavaFX Application Thread] DEBUG Main - Piece has moved to 2,1
16:30:23 [JavaFX Application Thread] DEBUG Main - Piece has moved to 2,1
16:30:23 [JavaFX Application Thread] DEBUG Main - Piece has moved to 1,1
16:30:23 [JavaFX Application Thread] DEBUG Main - Piece has moved to 1,1
16:30:23 [JavaFX Application Thread] DEBUG Main - Piece has moved to 1,1
16:30:23 [JavaFX Application Thread] DEBUG Main - Piece has moved to 0,1
16:30:23 [JavaFX Application Thread] DEBUG Main - Piece has moved to 0,2
16:30:24 [JavaFX Application Thread] DEBUG Main - Piece has moved to 0,3
16:30:24 [JavaFX Application Thread] DEBUG Main - Piece has moved to 0,4
16:30:24 [JavaFX Application Thread] DEBUG Main - Piece has moved to 1,4
16:30:24 [JavaFX Application Thread] DEBUG Main - Piece has moved to 1,5
16:30:24 [JavaFX Application Thread] DEBUG Main - Piece has moved to 1,5
16:30:24 [JavaFX Application Thread] DEBUG Main - Piece has moved to 1,5
16:30:24 [JavaFX Application Thread] DEBUG Main - Piece has moved to 1,6
16:30:24 [JavaFX Application Thread] DEBUG Main - Piece has moved to 1,6
16:30:24 [JavaFX Application Thread] DEBUG Main - Piece has moved to 1,6
16:30:25 [JavaFX Application Thread] DEBUG Main - Piece has moved to 0,6
16:30:25 [JavaFX Application Thread] DEBUG Main - Piece has moved to 0,7
16:30:25 [JavaFX Application Thread] DEBUG Main - Piece has moved to 0,8
16:30:25 [JavaFX Application Thread] DEBUG Main - Piece has moved to 0,9
16:30:25 [JavaFX Application Thread] DEBUG Main - Piece has moved to 0,10
16:30:25 [JavaFX Application Thread] DEBUG Main - Piece has moved to 0,10
16:30:25 [JavaFX Application Thread] DEBUG Main - Piece has moved to 1,10
16:30:26 [JavaFX Application Thread] DEBUG Main - Piece has moved to 1,10
16:30:26 [JavaFX Application Thread] DEBUG Main - Piece has moved to 1,11
16:30:26 [JavaFX Application Thread] DEBUG Main - Piece has moved to 1,11
16:31:42 [JavaFX Application Thread] DEBUG Main - Game is Initializing
16:31:42 [JavaFX Application Thread] DEBUG Main - Finished Initialization
16:31:42 [JavaFX Application Thread] DEBUG Main - Piece has moved to 1,0
16:31:42 [JavaFX Application Thread] DEBUG Main - Piece has moved to 1,1
16:31:42 [JavaFX Application Thread] DEBUG Main - Piece has moved to 1,1
16:31:42 [JavaFX Application Thread] DEBUG Main - Piece has moved to 1,1
16:31:42 [JavaFX Application Thread] DEBUG Main - Piece has moved to 0,1
16:31:42 [JavaFX Application Thread] DEBUG Main - Piece has moved to 0,2
16:31:42 [JavaFX Application Thread] DEBUG Main - Piece has moved to 0,3
16:31:42 [JavaFX Application Thread] DEBUG Main - Piece has moved to 1,3
16:31:42 [JavaFX Application Thread] DEBUG Main - Piece has moved to 1,4
16:31:43 [JavaFX Application Thread] DEBUG Main - Piece has moved to 1,4
16:31:43 [JavaFX Application Thread] DEBUG Main - Piece has moved to 2,4
16:31:43 [JavaFX Application Thread] DEBUG Main - Piece has moved to 3,4
16:31:43 [JavaFX Application Thread] DEBUG Main - Piece has moved to 3,5
16:31:43 [JavaFX Application Thread] DEBUG Main - Piece has moved to 3,5
16:31:43 [JavaFX Application Thread] DEBUG Main - Piece has moved to 4,5
16:31:43 [JavaFX Application Thread] DEBUG Main - Piece has moved to 5,5
16:31:43 [JavaFX Application Thread] DEBUG Main - Piece has moved to 5,6
16:31:43 [JavaFX Application Thread] DEBUG Main - Piece has moved to 5,5
16:31:43 [JavaFX Application Thread] DEBUG Main - Piece has moved to 5,6
16:31:43 [JavaFX Application Thread] DEBUG Main - Piece has moved to 5,7
16:31:44 [JavaFX Application Thread] DEBUG Main - Piece has moved to 5,8
16:31:44 [JavaFX Application Thread] DEBUG Main - Piece has moved to 6,8
16:31:44 [JavaFX Application Thread] DEBUG Main - Piece has moved to 6,8
16:31:44 [JavaFX Application Thread] DEBUG Main - Piece has moved to 7,8
16:31:44 [JavaFX Application Thread] DEBUG Main - Piece has moved to 7,7
16:31:44 [JavaFX Application Thread] DEBUG Main - Piece has moved to 7,7
16:31:44 [JavaFX Application Thread] DEBUG Main - Piece has moved to 7,6
16:31:44 [JavaFX Application Thread] DEBUG Main - Piece has moved to 7,6
16:31:44 [JavaFX Application Thread] DEBUG Main - Piece has moved to 6,6
16:31:44 [JavaFX Application Thread] DEBUG Main - Piece has moved to 6,5
16:31:45 [JavaFX Application Thread] DEBUG Main - Piece has moved to 7,5
16:31:45 [JavaFX Application Thread] DEBUG Main - Piece has moved to 6,5
16:31:45 [JavaFX Application Thread] DEBUG Main - Piece has moved to 7,5
16:31:45 [JavaFX Application Thread] DEBUG Main - Piece has moved to 7,4
16:31:45 [JavaFX Application Thread] DEBUG Main - Piece has moved to 8,4
16:31:45 [JavaFX Application Thread] DEBUG Main - Piece has moved to 9,4
16:31:45 [JavaFX Application Thread] DEBUG Main - Piece has moved to 10,4
16:31:45 [JavaFX Application Thread] DEBUG Main - Piece has moved to 11,4
16:31:45 [JavaFX Application Thread] DEBUG Main - Piece has moved to 11,5
16:31:46 [JavaFX Application Thread] DEBUG Main - Piece has moved to 11,5
16:31:46 [JavaFX Application Thread] DEBUG Main - Piece has moved to 10,5
16:31:46 [JavaFX Application Thread] DEBUG Main - Piece has moved to 10,5
16:31:46 [JavaFX Application Thread] DEBUG Main - Piece has moved to 9,5
16:31:46 [JavaFX Application Thread] DEBUG Main - Piece has moved to 9,6
16:31:46 [JavaFX Application Thread] DEBUG Main - Piece has moved to 9,6
16:31:46 [JavaFX Application Thread] DEBUG Main - Piece has moved to 8,6
16:31:46 [JavaFX Application Thread] DEBUG Main - Piece has moved to 8,7
16:31:46 [JavaFX Application Thread] DEBUG Main - Piece has moved to 9,7
16:31:46 [JavaFX Application Thread] DEBUG Main - Piece has moved to 9,7
16:31:46 [JavaFX Application Thread] DEBUG Main - Piece has moved to 10,7
16:31:47 [JavaFX Application Thread] DEBUG Main - Piece has moved to 10,7
16:31:47 [JavaFX Application Thread] DEBUG Main - Piece has moved to 11,7
16:31:47 [JavaFX Application Thread] DEBUG Main - Piece has moved to 11,8
16:31:47 [JavaFX Application Thread] DEBUG Main - Piece has moved to 10,8
16:31:47 [JavaFX Application Thread] DEBUG Main - Piece has moved to 10,9
16:31:47 [JavaFX Application Thread] DEBUG Main - Piece has moved to 11,9
16:31:47 [JavaFX Application Thread] DEBUG Main - Piece has moved to 11,10
16:31:47 [JavaFX Application Thread] DEBUG Main - Piece has moved to 11,11
16:31:47 [JavaFX Application Thread] INFO  Main - Congratulations you won!
16:31:47 [JavaFX Application Thread] INFO  Main - Final Score is 108.69565217391305
16:31:49 [JavaFX Application Thread] DEBUG Main - Resetting Game...
16:31:49 [JavaFX Application Thread] DEBUG Main - Game is Initializing
16:31:49 [JavaFX Application Thread] DEBUG Main - Finished Initialization
16:31:49 [JavaFX Application Thread] DEBUG Main - Piece has moved to 1,0
16:31:49 [JavaFX Application Thread] DEBUG Main - Piece has moved to 1,1
16:31:49 [JavaFX Application Thread] DEBUG Main - Piece has moved to 1,1
16:31:49 [JavaFX Application Thread] DEBUG Main - Piece has moved to 1,2
16:31:49 [JavaFX Application Thread] DEBUG Main - Piece has moved to 1,2
16:31:49 [JavaFX Application Thread] DEBUG Main - Piece has moved to 1,2
16:31:49 [JavaFX Application Thread] DEBUG Main - Piece has moved to 1,2
16:31:49 [JavaFX Application Thread] DEBUG Main - Piece has moved to 1,2
16:31:49 [JavaFX Application Thread] DEBUG Main - Piece has moved to 0,2
16:31:50 [JavaFX Application Thread] DEBUG Main - Piece has moved to 0,3
16:31:50 [JavaFX Application Thread] DEBUG Main - Piece has moved to 1,3
16:31:50 [JavaFX Application Thread] DEBUG Main - Piece has moved to 1,4
16:31:50 [JavaFX Application Thread] DEBUG Main - Piece has moved to 1,4
16:31:50 [JavaFX Application Thread] DEBUG Main - Piece has moved to 1,5
16:31:50 [JavaFX Application Thread] DEBUG Main - Piece has moved to 2,5
16:31:50 [JavaFX Application Thread] DEBUG Main - Piece has moved to 3,5
16:31:50 [JavaFX Application Thread] DEBUG Main - Piece has moved to 3,5
16:31:50 [JavaFX Application Thread] DEBUG Main - Piece has moved to 3,5
16:31:50 [JavaFX Application Thread] DEBUG Main - Piece has moved to 3,5
16:31:51 [JavaFX Application Thread] DEBUG Main - Piece has moved to 3,5
16:31:51 [JavaFX Application Thread] DEBUG Main - Piece has moved to 3,6
16:31:51 [JavaFX Application Thread] DEBUG Main - Piece has moved to 2,6
16:31:51 [JavaFX Application Thread] DEBUG Main - Piece has moved to 2,7
16:31:51 [JavaFX Application Thread] DEBUG Main - Piece has moved to 2,7
16:31:51 [JavaFX Application Thread] DEBUG Main - Piece has moved to 2,8
16:31:51 [JavaFX Application Thread] DEBUG Main - Piece has moved to 1,8
16:31:51 [JavaFX Application Thread] DEBUG Main - Piece has moved to 1,8
16:31:51 [JavaFX Application Thread] DEBUG Main - Piece has moved to 0,8
16:31:51 [JavaFX Application Thread] DEBUG Main - Piece has moved to 0,9
16:31:51 [JavaFX Application Thread] DEBUG Main - Piece has moved to 0,9
16:31:51 [JavaFX Application Thread] DEBUG Main - Piece has moved to 0,9
16:31:51 [JavaFX Application Thread] DEBUG Main - Piece has moved to 1,9
16:31:52 [JavaFX Application Thread] DEBUG Main - Piece has moved to 1,10
16:31:52 [JavaFX Application Thread] DEBUG Main - Piece has moved to 1,10
16:31:52 [JavaFX Application Thread] DEBUG Main - Piece has moved to 1,11
16:31:52 [JavaFX Application Thread] DEBUG Main - Piece has moved to 2,11
16:31:52 [JavaFX Application Thread] DEBUG Main - Piece has moved to 2,11
16:31:52 [JavaFX Application Thread] DEBUG Main - Piece has moved to 2,11
16:31:52 [JavaFX Application Thread] DEBUG Main - Piece has moved to 2,10
16:31:52 [JavaFX Application Thread] DEBUG Main - Piece has moved to 2,9
16:31:52 [JavaFX Application Thread] DEBUG Main - Piece has moved to 3,9
16:31:52 [JavaFX Application Thread] DEBUG Main - Piece has moved to 3,9
16:31:52 [JavaFX Application Thread] DEBUG Main - Piece has moved to 3,10
16:31:52 [JavaFX Application Thread] DEBUG Main - Piece has moved to 3,10
16:31:53 [JavaFX Application Thread] DEBUG Main - Piece has moved to 3,10
16:31:53 [JavaFX Application Thread] DEBUG Main - Piece has moved to 3,11
16:31:53 [JavaFX Application Thread] DEBUG Main - Piece has moved to 4,11
16:31:53 [JavaFX Application Thread] DEBUG Main - Piece has moved to 4,11
16:31:53 [JavaFX Application Thread] DEBUG Main - Piece has moved to 5,11
16:31:53 [JavaFX Application Thread] DEBUG Main - Piece has moved to 5,11
16:31:53 [JavaFX Application Thread] DEBUG Main - Piece has moved to 6,11
16:31:53 [JavaFX Application Thread] DEBUG Main - Piece has moved to 6,11
16:31:53 [JavaFX Application Thread] DEBUG Main - Piece has moved to 6,10
16:31:53 [JavaFX Application Thread] DEBUG Main - Piece has moved to 6,10
16:31:53 [JavaFX Application Thread] DEBUG Main - Piece has moved to 6,10
16:31:53 [JavaFX Application Thread] DEBUG Main - Piece has moved to 5,10
16:31:53 [JavaFX Application Thread] DEBUG Main - Piece has moved to 5,9
16:31:53 [JavaFX Application Thread] DEBUG Main - Piece has moved to 5,9
16:31:53 [JavaFX Application Thread] DEBUG Main - Piece has moved to 5,8
16:31:54 [JavaFX Application Thread] DEBUG Main - Piece has moved to 6,8
16:31:54 [JavaFX Application Thread] DEBUG Main - Piece has moved to 7,8
16:31:54 [JavaFX Application Thread] DEBUG Main - Piece has moved to 7,8
16:31:54 [JavaFX Application Thread] DEBUG Main - Piece has moved to 7,9
16:31:54 [JavaFX Application Thread] DEBUG Main - Piece has moved to 8,9
16:31:54 [JavaFX Application Thread] DEBUG Main - Piece has moved to 8,9
16:31:54 [JavaFX Application Thread] DEBUG Main - Piece has moved to 8,9
16:31:54 [JavaFX Application Thread] DEBUG Main - Piece has moved to 8,9
16:31:54 [JavaFX Application Thread] DEBUG Main - Piece has moved to 8,8
16:31:54 [JavaFX Application Thread] DEBUG Main - Piece has moved to 8,8
16:31:54 [JavaFX Application Thread] DEBUG Main - Piece has moved to 8,7
16:31:54 [JavaFX Application Thread] DEBUG Main - Piece has moved to 9,7
16:31:55 [JavaFX Application Thread] DEBUG Main - Piece has moved to 9,7
16:31:55 [JavaFX Application Thread] DEBUG Main - Piece has moved to 9,7
16:31:55 [JavaFX Application Thread] DEBUG Main - Piece has moved to 9,8
16:31:55 [JavaFX Application Thread] DEBUG Main - Piece has moved to 9,9
16:31:55 [JavaFX Application Thread] DEBUG Main - Piece has moved to 10,9
16:31:55 [JavaFX Application Thread] DEBUG Main - Piece has moved to 11,9
16:31:55 [JavaFX Application Thread] DEBUG Main - Piece has moved to 11,10
16:31:55 [JavaFX Application Thread] DEBUG Main - Piece has moved to 11,10
16:31:55 [JavaFX Application Thread] DEBUG Main - Piece has moved to 11,10
16:31:55 [JavaFX Application Thread] DEBUG Main - Piece has moved to 10,10
16:31:55 [JavaFX Application Thread] DEBUG Main - Piece has moved to 10,11
16:31:55 [JavaFX Application Thread] DEBUG Main - Piece has moved to 11,11
16:31:55 [JavaFX Application Thread] INFO  Main - Congratulations you won!
16:31:55 [JavaFX Application Thread] INFO  Main - Final Score is 104.16666666666666
16:31:59 [JavaFX Application Thread] INFO  Main - Loading Leaderboards...
